desc: (none)
cmd: ./npb_bt_w
time_unit: i
#-----------
snapshot=0
#-----------
time=0
mem_heap_B=0
mem_heap_extra_B=0
mem_stacks_B=0
heap_tree=empty
#-----------
snapshot=1
#-----------
time=217523
mem_heap_B=472
mem_heap_extra_B=16
mem_stacks_B=0
heap_tree=empty
#-----------
snapshot=2
#-----------
time=217952
mem_heap_B=472
mem_heap_extra_B=16
mem_stacks_B=0
heap_tree=detailed
n1: 472 (heap allocation functions) malloc/new/new[], --alloc-fns, etc.
 n1: 472 0x49ECA0F: __fopen_internal (iofopen.c:65)
  n0: 472 0x109139: main (bt.c:113)
#-----------
snapshot=3
#-----------
time=217952
mem_heap_B=0
mem_heap_extra_B=0
mem_stacks_B=0
heap_tree=empty
#-----------
snapshot=4
#-----------
time=218974
mem_heap_B=1024
mem_heap_extra_B=8
mem_stacks_B=0
heap_tree=empty
#-----------
snapshot=5
#-----------
time=222730
mem_heap_B=1496
mem_heap_extra_B=24
mem_stacks_B=0
heap_tree=empty
#-----------
snapshot=6
#-----------
time=223159
mem_heap_B=1496
mem_heap_extra_B=24
mem_stacks_B=0
heap_tree=peak
n2: 1496 (heap allocation functions) malloc/new/new[], --alloc-fns, etc.
 n1: 1024 0x49EBF19: _IO_file_doallocate (filedoalloc.c:101)
  n1: 1024 0x49FAC88: _IO_doallocbuf (genops.c:347)
   n1: 1024 0x49FAC88: _IO_doallocbuf (genops.c:342)
    n1: 1024 0x49F8DF7: _IO_file_overflow@@GLIBC_2.2.5 (fileops.c:745)
     n1: 1024 0x49F98D6: _IO_new_file_xsputn (fileops.c:1244)
      n1: 1024 0x49F98D6: _IO_file_xsputn@@GLIBC_2.2.5 (fileops.c:1197)
       n1: 1024 0x49EE6E8: puts (ioputs.c:40)
        n0: 1024 0x109223: main (bt.c:131)
 n2: 472 0x49ECA0F: __fopen_internal (iofopen.c:65)
  n0: 472 0x109232: main (bt.c:133)
  n0: 0 in 1 place, below massif's threshold (1.00%)
#-----------
snapshot=7
#-----------
time=223159
mem_heap_B=1024
mem_heap_extra_B=8
mem_stacks_B=0
heap_tree=empty
#-----------
snapshot=8
#-----------
time=19216002635
mem_heap_B=0
mem_heap_extra_B=0
mem_stacks_B=0
heap_tree=empty
