desc: (none)
cmd: ./ssca2 17
time_unit: i
#-----------
snapshot=0
#-----------
time=0
mem_heap_B=0
mem_heap_extra_B=0
mem_stacks_B=0
heap_tree=empty
#-----------
snapshot=1
#-----------
time=221953
mem_heap_B=32
mem_heap_extra_B=8
mem_stacks_B=0
heap_tree=empty
#-----------
snapshot=2
#-----------
time=222047
mem_heap_B=8388640
mem_heap_extra_B=8088
mem_stacks_B=0
heap_tree=empty
#-----------
snapshot=3
#-----------
time=222994
mem_heap_B=8393752
mem_heap_extra_B=8104
mem_stacks_B=0
heap_tree=empty
#-----------
snapshot=4
#-----------
time=229030
mem_heap_B=8393756
mem_heap_extra_B=8124
mem_stacks_B=0
heap_tree=empty
#-----------
snapshot=5
#-----------
time=229341
mem_heap_B=8409180
mem_heap_extra_B=8196
mem_stacks_B=0
heap_tree=empty
#-----------
snapshot=6
#-----------
time=3424184
mem_heap_B=8409180
mem_heap_extra_B=8196
mem_stacks_B=0
heap_tree=detailed
n3: 8409180 (heap allocation functions) malloc/new/new[], --alloc-fns, etc.
 n1: 4194304 0x10A76B: genScalData (genScalData.c:24)
  n0: 4194304 0x109243: main (SSCA2.c:77)
 n1: 4194304 0x10A77E: genScalData (genScalData.c:25)
  n0: 4194304 0x109243: main (SSCA2.c:77)
 n0: 20572 in 2 places, all below massif's threshold (1.00%)
#-----------
snapshot=7
#-----------
time=3424184
mem_heap_B=8409176
mem_heap_extra_B=8176
mem_stacks_B=0
heap_tree=empty
#-----------
snapshot=8
#-----------
time=3677496
mem_heap_B=8404064
mem_heap_extra_B=8160
mem_stacks_B=0
heap_tree=empty
#-----------
snapshot=9
#-----------
time=3677528
mem_heap_B=8404056
mem_heap_extra_B=8144
mem_stacks_B=0
heap_tree=empty
#-----------
snapshot=10
#-----------
time=6407901003
mem_heap_B=8928344
mem_heap_extra_B=8152
mem_stacks_B=0
heap_tree=empty
#-----------
snapshot=11
#-----------
time=6427955061
mem_heap_B=8928344
mem_heap_extra_B=8152
mem_stacks_B=0
heap_tree=detailed
n4: 8928344 (heap allocation functions) malloc/new/new[], --alloc-fns, etc.
 n1: 4194304 0x10A76B: genScalData (genScalData.c:24)
  n0: 4194304 0x109243: main (SSCA2.c:77)
 n1: 4194304 0x10A77E: genScalData (genScalData.c:25)
  n0: 4194304 0x109243: main (SSCA2.c:77)
 n1: 524288 0x10AA56: genScalData (genScalData.c:146)
  n0: 524288 0x109243: main (SSCA2.c:77)
 n0: 15448 in 2 places, all below massif's threshold (1.00%)
#-----------
snapshot=12
#-----------
time=6427955092
mem_heap_B=12598360
mem_heap_extra_B=12184
mem_stacks_B=0
heap_tree=empty
#-----------
snapshot=13
#-----------
time=6506598346
mem_heap_B=12598360
mem_heap_extra_B=12184
mem_stacks_B=0
heap_tree=detailed
n4: 12598360 (heap allocation functions) malloc/new/new[], --alloc-fns, etc.
 n1: 4194304 0x10A76B: genScalData (genScalData.c:24)
  n0: 4194304 0x109243: main (SSCA2.c:77)
 n1: 4194304 0x10A77E: genScalData (genScalData.c:25)
  n0: 4194304 0x109243: main (SSCA2.c:77)
 n1: 4194304 0x10AB54: genScalData (genScalData.c:233)
  n0: 4194304 0x109243: main (SSCA2.c:77)
 n0: 15448 in 3 places, all below massif's threshold (1.00%)
#-----------
snapshot=14
#-----------
time=6506599106
mem_heap_B=16777280
mem_heap_extra_B=16176
mem_stacks_B=0
heap_tree=empty
#-----------
snapshot=15
#-----------
time=6506599970
mem_heap_B=17301568
mem_heap_extra_B=16184
mem_stacks_B=0
heap_tree=empty
#-----------
snapshot=16
#-----------
time=6516037199
mem_heap_B=17825860
mem_heap_extra_B=16204
mem_stacks_B=0
heap_tree=empty
#-----------
snapshot=17
#-----------
time=6516037236
mem_heap_B=17825864
mem_heap_extra_B=16224
mem_stacks_B=0
heap_tree=empty
#-----------
snapshot=18
#-----------
time=6516692644
mem_heap_B=17825864
mem_heap_extra_B=16224
mem_stacks_B=0
heap_tree=detailed
n7: 17825864 (heap allocation functions) malloc/new/new[], --alloc-fns, etc.
 n1: 4194304 0x109EB4: computeGraph (computeGraph.c:47)
  n0: 4194304 0x109295: main (SSCA2.c:110)
 n1: 4194304 0x10A76B: genScalData (genScalData.c:24)
  n0: 4194304 0x109243: main (SSCA2.c:77)
 n1: 4194304 0x10A77E: genScalData (genScalData.c:25)
  n0: 4194304 0x109243: main (SSCA2.c:77)
 n1: 4194304 0x10AB54: genScalData (genScalData.c:233)
  n0: 4194304 0x109243: main (SSCA2.c:77)
 n1: 524292 0x109F0F: computeGraph (computeGraph.c:125)
  n0: 524292 0x109295: main (SSCA2.c:110)
 n1: 524288 0x109EC4: computeGraph (computeGraph.c:49)
  n0: 524288 0x109295: main (SSCA2.c:110)
 n0: 68 in 5 places, all below massif's threshold (1.00%)
#-----------
snapshot=19
#-----------
time=6516692740
mem_heap_B=25690180
mem_heap_extra_B=24276
mem_stacks_B=0
heap_tree=empty
#-----------
snapshot=20
#-----------
time=6528227118
mem_heap_B=25690180
mem_heap_extra_B=24276
mem_stacks_B=0
heap_tree=peak
n8: 25690180 (heap allocation functions) malloc/new/new[], --alloc-fns, etc.
 n1: 4194304 0x109EB4: computeGraph (computeGraph.c:47)
  n0: 4194304 0x109295: main (SSCA2.c:110)
 n1: 4194304 0x109F4D: computeGraph (computeGraph.c:152)
  n0: 4194304 0x109295: main (SSCA2.c:110)
 n1: 4194304 0x109F5A: computeGraph (computeGraph.c:153)
  n0: 4194304 0x109295: main (SSCA2.c:110)
 n1: 4194304 0x10A76B: genScalData (genScalData.c:24)
  n0: 4194304 0x109243: main (SSCA2.c:77)
 n1: 4194304 0x10A77E: genScalData (genScalData.c:25)
  n0: 4194304 0x109243: main (SSCA2.c:77)
 n1: 4194304 0x10AB54: genScalData (genScalData.c:233)
  n0: 4194304 0x109243: main (SSCA2.c:77)
 n1: 524292 0x109F0F: computeGraph (computeGraph.c:125)
  n0: 524292 0x109295: main (SSCA2.c:110)
 n0: 64 in 6 places, all below massif's threshold (1.00%)
#-----------
snapshot=21
#-----------
time=6528227940
mem_heap_B=8928952
mem_heap_extra_B=8160
mem_stacks_B=0
heap_tree=empty
#-----------
snapshot=22
#-----------
time=6537890425
mem_heap_B=8928956
mem_heap_extra_B=8180
mem_stacks_B=0
heap_tree=empty
#-----------
snapshot=23
#-----------
time=6537890695
mem_heap_B=8913044
mem_heap_extra_B=8116
mem_stacks_B=0
heap_tree=empty
#-----------
snapshot=24
#-----------
time=6537892128
mem_heap_B=9437336
mem_heap_extra_B=8136
mem_stacks_B=0
heap_tree=empty
#-----------
snapshot=25
#-----------
time=6537892412
mem_heap_B=10092728
mem_heap_extra_B=8184
mem_stacks_B=0
heap_tree=empty
#-----------
snapshot=26
#-----------
time=6538032259
mem_heap_B=9961656
mem_heap_extra_B=8176
mem_stacks_B=0
heap_tree=empty
#-----------
snapshot=27
#-----------
time=6538032308
mem_heap_B=10092728
mem_heap_extra_B=8184
mem_stacks_B=0
heap_tree=empty
#-----------
snapshot=28
#-----------
time=6538036563
mem_heap_B=9961656
mem_heap_extra_B=8176
mem_stacks_B=0
heap_tree=empty
#-----------
snapshot=29
#-----------
time=6538036612
mem_heap_B=10092728
mem_heap_extra_B=8184
mem_stacks_B=0
heap_tree=empty
#-----------
snapshot=30
#-----------
time=6538458157
mem_heap_B=9961656
mem_heap_extra_B=8176
mem_stacks_B=0
heap_tree=empty
#-----------
snapshot=31
#-----------
time=6538458206
mem_heap_B=10092728
mem_heap_extra_B=8184
mem_stacks_B=0
heap_tree=empty
#-----------
snapshot=32
#-----------
time=6538495268
mem_heap_B=9961656
mem_heap_extra_B=8176
mem_stacks_B=0
heap_tree=detailed
n6: 9961656 (heap allocation functions) malloc/new/new[], --alloc-fns, etc.
 n1: 4194304 0x109F4D: computeGraph (computeGraph.c:152)
  n0: 4194304 0x109295: main (SSCA2.c:110)
 n1: 4194304 0x109F5A: computeGraph (computeGraph.c:153)
  n0: 4194304 0x109295: main (SSCA2.c:110)
 n1: 524292 0x109F0F: computeGraph (computeGraph.c:125)
  n0: 524292 0x109295: main (SSCA2.c:110)
 n1: 524292 0x10A0BA: findSubGraphs (findSubGraphs.c:46)
  n0: 524292 0x109364: main (SSCA2.c:143)
 n1: 524288 0x10A0CE: findSubGraphs (findSubGraphs.c:50)
  n0: 524288 0x109364: main (SSCA2.c:143)
 n0: 176 in 20 places, all below massif's threshold (1.00%)
#-----------
snapshot=33
#-----------
time=6538495317
mem_heap_B=10092728
mem_heap_extra_B=8184
mem_stacks_B=0
heap_tree=empty
#-----------
snapshot=34
#-----------
time=6544585809
mem_heap_B=9961656
mem_heap_extra_B=8176
mem_stacks_B=0
heap_tree=empty
#-----------
snapshot=35
#-----------
time=6544585858
mem_heap_B=10092728
mem_heap_extra_B=8184
mem_stacks_B=0
heap_tree=empty
#-----------
snapshot=36
#-----------
time=6544668926
mem_heap_B=9961656
mem_heap_extra_B=8176
mem_stacks_B=0
heap_tree=empty
#-----------
snapshot=37
#-----------
time=6544668975
mem_heap_B=10092728
mem_heap_extra_B=8184
mem_stacks_B=0
heap_tree=empty
#-----------
snapshot=38
#-----------
time=6544837826
mem_heap_B=9568436
mem_heap_extra_B=8164
mem_stacks_B=0
heap_tree=empty
#-----------
snapshot=39
#-----------
time=6544838734
mem_heap_B=10490908
mem_heap_extra_B=8140
mem_stacks_B=0
heap_tree=empty
#-----------
snapshot=40
#-----------
time=6544843958
mem_heap_B=10490912
mem_heap_extra_B=8176
mem_stacks_B=0
heap_tree=empty
#-----------
snapshot=41
#-----------
time=6544844269
mem_heap_B=10506336
mem_heap_extra_B=8248
mem_stacks_B=0
heap_tree=detailed
n6: 10506336 (heap allocation functions) malloc/new/new[], --alloc-fns, etc.
 n1: 4194304 0x109F4D: computeGraph (computeGraph.c:152)
  n0: 4194304 0x109295: main (SSCA2.c:110)
 n1: 4194304 0x109F5A: computeGraph (computeGraph.c:153)
  n0: 4194304 0x109295: main (SSCA2.c:110)
 n0: 1048576 0x1093B9: main (SSCA2.c:159)
 n1: 524292 0x109F0F: computeGraph (computeGraph.c:125)
  n0: 524292 0x109295: main (SSCA2.c:110)
 n1: 524288 0x10958C: betweennessCentrality (betweennessCentrality.c:63)
  n0: 524288 0x1093C7: main (SSCA2.c:160)
 n0: 20572 in 22 places, all below massif's threshold (1.00%)
#-----------
snapshot=42
#-----------
time=6548038312
mem_heap_B=10506332
mem_heap_extra_B=8212
mem_stacks_B=0
heap_tree=empty
#-----------
snapshot=43
#-----------
time=6548291624
mem_heap_B=10501220
mem_heap_extra_B=8196
mem_stacks_B=0
heap_tree=empty
#-----------
snapshot=44
#-----------
time=6548291656
mem_heap_B=10501212
mem_heap_extra_B=8180
mem_stacks_B=0
heap_tree=empty
#-----------
snapshot=45
#-----------
time=6559301787
mem_heap_B=12598364
mem_heap_extra_B=8188
mem_stacks_B=0
heap_tree=empty
#-----------
snapshot=46
#-----------
time=6559301919
mem_heap_B=13646952
mem_heap_extra_B=8264
mem_stacks_B=0
heap_tree=empty
#-----------
snapshot=47
#-----------
time=6565200213
mem_heap_B=17841256
mem_heap_extra_B=12304
mem_stacks_B=0
heap_tree=empty
#-----------
snapshot=48
#-----------
time=6566379906
mem_heap_B=17316964
mem_heap_extra_B=12284
mem_stacks_B=0
heap_tree=empty
#-----------
snapshot=49
#-----------
time=6566380126
mem_heap_B=19938396
mem_heap_extra_B=12260
mem_stacks_B=0
heap_tree=empty
#-----------
snapshot=50
#-----------
time=6566380163
mem_heap_B=19938596
mem_heap_extra_B=12276
mem_stacks_B=0
heap_tree=empty
#-----------
snapshot=51
#-----------
time=6566380200
mem_heap_B=19938796
mem_heap_extra_B=12292
mem_stacks_B=0
heap_tree=empty
#-----------
snapshot=52
#-----------
time=6566380237
mem_heap_B=19938804
mem_heap_extra_B=12324
mem_stacks_B=0
heap_tree=empty
#-----------
snapshot=53
#-----------
time=6566380274
mem_heap_B=20987380
mem_heap_extra_B=12332
mem_stacks_B=0
heap_tree=empty
#-----------
snapshot=54
#-----------
time=34709173713
mem_heap_B=19938804
mem_heap_extra_B=12324
mem_stacks_B=0
heap_tree=detailed
n12: 19938804 (heap allocation functions) malloc/new/new[], --alloc-fns, etc.
 n1: 4194304 0x1096A9: betweennessCentrality (betweennessCentrality.c:168)
  n0: 4194304 0x1093C7: main (SSCA2.c:160)
 n1: 4194304 0x109F4D: computeGraph (computeGraph.c:152)
  n0: 4194304 0x109295: main (SSCA2.c:110)
 n1: 4194304 0x109F5A: computeGraph (computeGraph.c:153)
  n0: 4194304 0x109295: main (SSCA2.c:110)
 n1: 2097152 0x109630: betweennessCentrality (betweennessCentrality.c:144)
  n0: 2097152 0x1093C7: main (SSCA2.c:160)
 n0: 1048576 0x1093B9: main (SSCA2.c:159)
 n1: 1048576 0x10972D: betweennessCentrality (betweennessCentrality.c:196)
  n0: 1048576 0x1093C7: main (SSCA2.c:160)
 n1: 1048576 0x109754: betweennessCentrality (betweennessCentrality.c:198)
  n0: 1048576 0x1093C7: main (SSCA2.c:160)
 n1: 524292 0x109F0F: computeGraph (computeGraph.c:125)
  n0: 524292 0x109295: main (SSCA2.c:110)
 n1: 524288 0x10958C: betweennessCentrality (betweennessCentrality.c:63)
  n0: 524288 0x1093C7: main (SSCA2.c:160)
 n1: 524288 0x10971E: betweennessCentrality (betweennessCentrality.c:195)
  n0: 524288 0x1093C7: main (SSCA2.c:160)
 n1: 524288 0x10973D: betweennessCentrality (betweennessCentrality.c:197)
  n0: 524288 0x1093C7: main (SSCA2.c:160)
 n0: 15856 in 29 places, all below massif's threshold (1.00%)
#-----------
snapshot=55
#-----------
time=34709173742
mem_heap_B=19414516
mem_heap_extra_B=12316
mem_stacks_B=0
heap_tree=empty
#-----------
snapshot=56
#-----------
time=34709173771
mem_heap_B=15220212
mem_heap_extra_B=8276
mem_stacks_B=0
heap_tree=empty
#-----------
snapshot=57
#-----------
time=34709173800
mem_heap_B=13123060
mem_heap_extra_B=8268
mem_stacks_B=0
heap_tree=empty
#-----------
snapshot=58
#-----------
time=34709173829
mem_heap_B=12074484
mem_heap_extra_B=8260
mem_stacks_B=0
heap_tree=empty
#-----------
snapshot=59
#-----------
time=34709173858
mem_heap_B=11550196
mem_heap_extra_B=8252
mem_stacks_B=0
heap_tree=empty
#-----------
snapshot=60
#-----------
time=34709173887
mem_heap_B=10501620
mem_heap_extra_B=8244
mem_stacks_B=0
heap_tree=empty
#-----------
snapshot=61
#-----------
time=34709173916
mem_heap_B=10501420
mem_heap_extra_B=8228
mem_stacks_B=0
heap_tree=empty
#-----------
snapshot=62
#-----------
time=34709173945
mem_heap_B=10501220
mem_heap_extra_B=8212
mem_stacks_B=0
heap_tree=empty
#-----------
snapshot=63
#-----------
time=34709173974
mem_heap_B=10501212
mem_heap_extra_B=8180
mem_stacks_B=0
heap_tree=empty
#-----------
snapshot=64
#-----------
time=34709174033
mem_heap_B=9976924
mem_heap_extra_B=8172
mem_stacks_B=0
heap_tree=detailed
n5: 9976924 (heap allocation functions) malloc/new/new[], --alloc-fns, etc.
 n1: 4194304 0x109F4D: computeGraph (computeGraph.c:152)
  n0: 4194304 0x109295: main (SSCA2.c:110)
 n1: 4194304 0x109F5A: computeGraph (computeGraph.c:153)
  n0: 4194304 0x109295: main (SSCA2.c:110)
 n0: 1048576 0x1093B9: main (SSCA2.c:159)
 n1: 524292 0x109F0F: computeGraph (computeGraph.c:125)
  n0: 524292 0x109295: main (SSCA2.c:110)
 n0: 15448 in 36 places, all below massif's threshold (1.00%)
#-----------
snapshot=65
#-----------
time=34709174069
mem_heap_B=9971812
mem_heap_extra_B=8156
mem_stacks_B=0
heap_tree=empty
#-----------
snapshot=66
#-----------
time=34709174098
mem_heap_B=9966696
mem_heap_extra_B=8144
mem_stacks_B=0
heap_tree=empty
#-----------
snapshot=67
#-----------
time=34709174127
mem_heap_B=9961580
mem_heap_extra_B=8132
mem_stacks_B=0
heap_tree=empty
#-----------
snapshot=68
#-----------
time=34709174156
mem_heap_B=9961508
mem_heap_extra_B=8116
mem_stacks_B=0
heap_tree=empty
#-----------
snapshot=69
#-----------
time=34709174199
mem_heap_B=8912932
mem_heap_extra_B=8108
mem_stacks_B=0
heap_tree=empty
#-----------
snapshot=70
#-----------
time=34709174228
mem_heap_B=8388640
mem_heap_extra_B=8088
mem_stacks_B=0
heap_tree=empty
#-----------
snapshot=71
#-----------
time=34709174257
mem_heap_B=4194336
mem_heap_extra_B=4048
mem_stacks_B=0
heap_tree=empty
#-----------
snapshot=72
#-----------
time=34709174286
mem_heap_B=32
mem_heap_extra_B=8
mem_stacks_B=0
heap_tree=empty
#-----------
snapshot=73
#-----------
time=34709174315
mem_heap_B=0
mem_heap_extra_B=0
mem_stacks_B=0
heap_tree=empty
